<?xml version="1.0" encoding="UTF-8"?>
<coverage generated="1643337436690" clover="3.2.0">
  <project timestamp="1643337436690" name="All files">
    <metrics statements="39" coveredstatements="26" conditionals="22" coveredconditionals="14" methods="16" coveredmethods="10" elements="77" coveredelements="50" complexity="0" loc="39" ncloc="39" packages="1" files="2" classes="2"/>
    <file name="Login.tsx" path="/Users/radiumrocket29/projects/NativeCourse2/src/components/Login.tsx">
      <metrics statements="18" coveredstatements="18" conditionals="12" coveredconditionals="12" methods="7" coveredmethods="7"/>
      <line num="17" count="1" type="stmt"/>
      <line num="25" count="20" type="stmt"/>
      <line num="26" count="3" type="stmt"/>
      <line num="27" count="3" type="stmt"/>
      <line num="28" count="3" type="cond" truecount="2" falsecount="0"/>
      <line num="29" count="2" type="cond" truecount="2" falsecount="0"/>
      <line num="33" count="2" type="cond" truecount="2" falsecount="0"/>
      <line num="37" count="1" type="stmt"/>
      <line num="39" count="1" type="stmt"/>
      <line num="42" count="1" type="stmt"/>
      <line num="50" count="20" type="stmt"/>
      <line num="56" count="20" type="stmt"/>
      <line num="57" count="3" type="stmt"/>
      <line num="59" count="20" type="stmt"/>
      <line num="71" count="33" type="stmt"/>
      <line num="92" count="33" type="stmt"/>
      <line num="116" count="1" type="stmt"/>
      <line num="124" count="1" type="stmt"/>
    </file>
    <file name="Register.tsx" path="/Users/radiumrocket29/projects/NativeCourse2/src/components/Register.tsx">
      <metrics statements="21" coveredstatements="8" conditionals="10" coveredconditionals="2" methods="9" coveredmethods="3"/>
      <line num="17" count="1" type="stmt"/>
      <line num="25" count="1" type="stmt"/>
      <line num="26" count="0" type="stmt"/>
      <line num="27" count="0" type="stmt"/>
      <line num="28" count="0" type="cond" truecount="0" falsecount="2"/>
      <line num="29" count="0" type="cond" truecount="0" falsecount="2"/>
      <line num="31" count="0" type="stmt"/>
      <line num="34" count="0" type="stmt"/>
      <line num="35" count="0" type="stmt"/>
      <line num="36" count="0" type="stmt"/>
      <line num="39" count="0" type="stmt"/>
      <line num="40" count="0" type="stmt"/>
      <line num="43" count="0" type="stmt"/>
      <line num="51" count="1" type="stmt"/>
      <line num="57" count="1" type="stmt"/>
      <line num="58" count="0" type="stmt"/>
      <line num="60" count="1" type="stmt"/>
      <line num="79" count="1" type="stmt"/>
      <line num="101" count="1" type="stmt"/>
      <line num="122" count="0" type="stmt"/>
      <line num="129" count="1" type="stmt"/>
    </file>
  </project>
</coverage>
