{"/Users/radiumrocket29/projects/NativeCourse2/src/components/Login.tsx": {"path":"/Users/radiumrocket29/projects/NativeCourse2/src/components/Login.tsx","statementMap":{"0":{"start":{"line":17,"column":25},"end":{"line":20,"column":1}},"1":{"start":{"line":25,"column":22},"end":{"line":44,"column":3}},"2":{"start":{"line":26,"column":4},"end":{"line":43,"column":5}},"3":{"start":{"line":27,"column":20},"end":{"line":27,"column":55}},"4":{"start":{"line":28,"column":26},"end":{"line":28,"column":52}},"5":{"start":{"line":29,"column":6},"end":{"line":40,"column":7}},"6":{"start":{"line":33,"column":12},"end":{"line":34,"column":50}},"7":{"start":{"line":37,"column":8},"end":{"line":37,"column":42}},"8":{"start":{"line":39,"column":8},"end":{"line":39,"column":43}},"9":{"start":{"line":42,"column":6},"end":{"line":42,"column":25}},"10":{"start":{"line":50,"column":6},"end":{"line":55,"column":4}},"11":{"start":{"line":56,"column":19},"end":{"line":58,"column":3}},"12":{"start":{"line":57,"column":4},"end":{"line":57,"column":22}},"13":{"start":{"line":59,"column":2},"end":{"line":121,"column":4}},"14":{"start":{"line":71,"column":12},"end":{"line":80,"column":19}},"15":{"start":{"line":92,"column":12},"end":{"line":103,"column":19}},"16":{"start":{"line":116,"column":25},"end":{"line":116,"column":56}},"17":{"start":{"line":124,"column":15},"end":{"line":173,"column":2}}},"fnMap":{"0":{"name":"Login","decl":{"start":{"line":24,"column":24},"end":{"line":24,"column":29}},"loc":{"start":{"line":24,"column":58},"end":{"line":122,"column":1}},"line":24},"1":{"name":"(anonymous_1)","decl":{"start":{"line":25,"column":22},"end":{"line":25,"column":23}},"loc":{"start":{"line":25,"column":58},"end":{"line":44,"column":3}},"line":25},"2":{"name":"(anonymous_2)","decl":{"start":{"line":32,"column":10},"end":{"line":32,"column":11}},"loc":{"start":{"line":33,"column":12},"end":{"line":34,"column":50}},"line":33},"3":{"name":"(anonymous_3)","decl":{"start":{"line":56,"column":19},"end":{"line":56,"column":20}},"loc":{"start":{"line":56,"column":42},"end":{"line":58,"column":3}},"line":56},"4":{"name":"(anonymous_4)","decl":{"start":{"line":70,"column":18},"end":{"line":70,"column":19}},"loc":{"start":{"line":71,"column":12},"end":{"line":80,"column":19}},"line":71},"5":{"name":"(anonymous_5)","decl":{"start":{"line":91,"column":18},"end":{"line":91,"column":19}},"loc":{"start":{"line":92,"column":12},"end":{"line":103,"column":19}},"line":92},"6":{"name":"(anonymous_6)","decl":{"start":{"line":116,"column":19},"end":{"line":116,"column":20}},"loc":{"start":{"line":116,"column":25},"end":{"line":116,"column":56}},"line":116}},"branchMap":{"0":{"loc":{"start":{"line":28,"column":26},"end":{"line":28,"column":52}},"type":"binary-expr","locations":[{"start":{"line":28,"column":26},"end":{"line":28,"column":31}},{"start":{"line":28,"column":35},"end":{"line":28,"column":52}}],"line":28},"1":{"loc":{"start":{"line":29,"column":6},"end":{"line":40,"column":7}},"type":"if","locations":[{"start":{"line":29,"column":6},"end":{"line":40,"column":7}},{"start":{"line":38,"column":13},"end":{"line":40,"column":7}}],"line":29},"2":{"loc":{"start":{"line":30,"column":8},"end":{"line":35,"column":16}},"type":"binary-expr","locations":[{"start":{"line":30,"column":8},"end":{"line":30,"column":34}},{"start":{"line":31,"column":8},"end":{"line":35,"column":16}}],"line":30},"3":{"loc":{"start":{"line":33,"column":12},"end":{"line":34,"column":50}},"type":"binary-expr","locations":[{"start":{"line":33,"column":12},"end":{"line":33,"column":42}},{"start":{"line":34,"column":12},"end":{"line":34,"column":50}}],"line":33},"4":{"loc":{"start":{"line":84,"column":9},"end":{"line":84,"column":54}},"type":"binary-expr","locations":[{"start":{"line":84,"column":9},"end":{"line":84,"column":20}},{"start":{"line":84,"column":24},"end":{"line":84,"column":54}}],"line":84},"5":{"loc":{"start":{"line":107,"column":9},"end":{"line":107,"column":62}},"type":"binary-expr","locations":[{"start":{"line":107,"column":9},"end":{"line":107,"column":24}},{"start":{"line":107,"column":28},"end":{"line":107,"column":62}}],"line":107}},"s":{"0":1,"1":20,"2":3,"3":3,"4":3,"5":2,"6":2,"7":1,"8":1,"9":1,"10":20,"11":20,"12":3,"13":20,"14":33,"15":33,"16":1,"17":1},"f":{"0":20,"1":3,"2":2,"3":3,"4":33,"5":33,"6":1},"b":{"0":[3,3],"1":[1,1],"2":[2,2],"3":[2,1],"4":[20,2],"5":[20,2]},"_coverageSchema":"1a1c01bbd47fc00a2c39e90264f33305004495a9","hash":"f1b94c232ef523a0f18b456f83f0e11cc4c459ce"}
,"/Users/radiumrocket29/projects/NativeCourse2/src/components/Register.tsx": {"path":"/Users/radiumrocket29/projects/NativeCourse2/src/components/Register.tsx","statementMap":{"0":{"start":{"line":17,"column":25},"end":{"line":20,"column":1}},"1":{"start":{"line":25,"column":25},"end":{"line":45,"column":3}},"2":{"start":{"line":26,"column":4},"end":{"line":44,"column":5}},"3":{"start":{"line":27,"column":20},"end":{"line":27,"column":55}},"4":{"start":{"line":28,"column":26},"end":{"line":28,"column":52}},"5":{"start":{"line":29,"column":6},"end":{"line":38,"column":7}},"6":{"start":{"line":31,"column":51},"end":{"line":31,"column":77}},"7":{"start":{"line":34,"column":8},"end":{"line":34,"column":34}},"8":{"start":{"line":35,"column":8},"end":{"line":37,"column":10}},"9":{"start":{"line":36,"column":16},"end":{"line":36,"column":44}},"10":{"start":{"line":39,"column":6},"end":{"line":41,"column":8}},"11":{"start":{"line":40,"column":8},"end":{"line":40,"column":36}},"12":{"start":{"line":43,"column":6},"end":{"line":43,"column":25}},"13":{"start":{"line":51,"column":6},"end":{"line":56,"column":4}},"14":{"start":{"line":57,"column":19},"end":{"line":59,"column":3}},"15":{"start":{"line":58,"column":4},"end":{"line":58,"column":25}},"16":{"start":{"line":60,"column":2},"end":{"line":126,"column":4}},"17":{"start":{"line":79,"column":10},"end":{"line":87,"column":17}},"18":{"start":{"line":101,"column":10},"end":{"line":111,"column":17}},"19":{"start":{"line":122,"column":39},"end":{"line":122,"column":67}},"20":{"start":{"line":129,"column":15},"end":{"line":181,"column":2}}},"fnMap":{"0":{"name":"Register","decl":{"start":{"line":24,"column":24},"end":{"line":24,"column":32}},"loc":{"start":{"line":24,"column":61},"end":{"line":127,"column":1}},"line":24},"1":{"name":"(anonymous_1)","decl":{"start":{"line":25,"column":25},"end":{"line":25,"column":26}},"loc":{"start":{"line":25,"column":57},"end":{"line":45,"column":3}},"line":25},"2":{"name":"(anonymous_2)","decl":{"start":{"line":31,"column":28},"end":{"line":31,"column":29}},"loc":{"start":{"line":31,"column":51},"end":{"line":31,"column":77}},"line":31},"3":{"name":"(anonymous_3)","decl":{"start":{"line":36,"column":10},"end":{"line":36,"column":11}},"loc":{"start":{"line":36,"column":16},"end":{"line":36,"column":44}},"line":36},"4":{"name":"(anonymous_4)","decl":{"start":{"line":39,"column":68},"end":{"line":39,"column":69}},"loc":{"start":{"line":40,"column":8},"end":{"line":40,"column":36}},"line":40},"5":{"name":"(anonymous_5)","decl":{"start":{"line":57,"column":19},"end":{"line":57,"column":20}},"loc":{"start":{"line":57,"column":42},"end":{"line":59,"column":3}},"line":57},"6":{"name":"(anonymous_6)","decl":{"start":{"line":78,"column":16},"end":{"line":78,"column":17}},"loc":{"start":{"line":79,"column":10},"end":{"line":87,"column":17}},"line":79},"7":{"name":"(anonymous_7)","decl":{"start":{"line":100,"column":16},"end":{"line":100,"column":17}},"loc":{"start":{"line":101,"column":10},"end":{"line":111,"column":17}},"line":101},"8":{"name":"(anonymous_8)","decl":{"start":{"line":122,"column":33},"end":{"line":122,"column":34}},"loc":{"start":{"line":122,"column":39},"end":{"line":122,"column":67}},"line":122}},"branchMap":{"0":{"loc":{"start":{"line":28,"column":26},"end":{"line":28,"column":52}},"type":"binary-expr","locations":[{"start":{"line":28,"column":26},"end":{"line":28,"column":31}},{"start":{"line":28,"column":35},"end":{"line":28,"column":52}}],"line":28},"1":{"loc":{"start":{"line":29,"column":6},"end":{"line":38,"column":7}},"type":"if","locations":[{"start":{"line":29,"column":6},"end":{"line":38,"column":7}},{"start":{},"end":{}}],"line":29},"2":{"loc":{"start":{"line":30,"column":8},"end":{"line":32,"column":17}},"type":"binary-expr","locations":[{"start":{"line":30,"column":8},"end":{"line":30,"column":34}},{"start":{"line":31,"column":8},"end":{"line":32,"column":17}}],"line":30},"3":{"loc":{"start":{"line":91,"column":7},"end":{"line":93,"column":7}},"type":"binary-expr","locations":[{"start":{"line":91,"column":7},"end":{"line":91,"column":18}},{"start":{"line":92,"column":8},"end":{"line":92,"column":67}}],"line":91},"4":{"loc":{"start":{"line":115,"column":7},"end":{"line":117,"column":7}},"type":"binary-expr","locations":[{"start":{"line":115,"column":7},"end":{"line":115,"column":22}},{"start":{"line":116,"column":8},"end":{"line":116,"column":71}}],"line":115}},"s":{"0":1,"1":1,"2":0,"3":0,"4":0,"5":0,"6":0,"7":0,"8":0,"9":0,"10":0,"11":0,"12":0,"13":1,"14":1,"15":0,"16":1,"17":1,"18":1,"19":0,"20":1},"f":{"0":1,"1":0,"2":0,"3":0,"4":0,"5":0,"6":1,"7":1,"8":0},"b":{"0":[0,0],"1":[0,0],"2":[0,0],"3":[1,0],"4":[1,0]},"_coverageSchema":"1a1c01bbd47fc00a2c39e90264f33305004495a9","hash":"4e808cf2219dcd94acb626fcb498a31dc12f5084"}
}
