TN:
SF:src/components/Login.tsx
FN:24,Login
FN:25,(anonymous_1)
FN:32,(anonymous_2)
FN:56,(anonymous_3)
FN:69,(anonymous_4)
FN:90,(anonymous_5)
FN:114,(anonymous_6)
FNF:7
FNH:7
FNDA:20,Login
FNDA:3,(anonymous_1)
FNDA:2,(anonymous_2)
FNDA:3,(anonymous_3)
FNDA:33,(anonymous_4)
FNDA:33,(anonymous_5)
FNDA:1,(anonymous_6)
DA:17,1
DA:25,20
DA:26,3
DA:27,3
DA:28,3
DA:29,2
DA:33,2
DA:37,1
DA:39,1
DA:42,1
DA:50,20
DA:56,20
DA:57,3
DA:59,20
DA:70,33
DA:91,33
DA:114,1
DA:121,1
LF:18
LH:18
BRDA:28,0,0,3
BRDA:28,0,1,3
BRDA:29,1,0,1
BRDA:29,1,1,1
BRDA:30,2,0,2
BRDA:30,2,1,2
BRDA:33,3,0,2
BRDA:33,3,1,1
BRDA:83,4,0,20
BRDA:83,4,1,2
BRDA:104,5,0,20
BRDA:104,5,1,2
BRF:12
BRH:12
end_of_record
TN:
SF:src/components/Register.tsx
FN:16,Register
FN:17,(anonymous_1)
FN:23,(anonymous_2)
FN:28,(anonymous_3)
FN:32,(anonymous_4)
FN:49,(anonymous_5)
FN:62,(anonymous_6)
FN:82,(anonymous_7)
FN:100,(anonymous_8)
FNF:9
FNH:3
FNDA:1,Register
FNDA:0,(anonymous_1)
FNDA:0,(anonymous_2)
FNDA:0,(anonymous_3)
FNDA:0,(anonymous_4)
FNDA:0,(anonymous_5)
FNDA:1,(anonymous_6)
FNDA:1,(anonymous_7)
FNDA:0,(anonymous_8)
DA:9,1
DA:17,1
DA:18,0
DA:19,0
DA:20,0
DA:21,0
DA:23,0
DA:26,0
DA:27,0
DA:28,0
DA:31,0
DA:32,0
DA:35,0
DA:43,1
DA:49,1
DA:50,0
DA:52,1
DA:63,1
DA:83,1
DA:100,0
DA:109,1
LF:21
LH:8
BRDA:20,0,0,0
BRDA:20,0,1,0
BRDA:21,1,0,0
BRDA:21,1,1,0
BRDA:22,2,0,0
BRDA:22,2,1,0
BRDA:75,3,0,1
BRDA:75,3,1,0
BRDA:95,4,0,1
BRDA:95,4,1,0
BRF:10
BRH:2
end_of_record
