TN:
SF:src/components/Login.tsx
FN:24,Login
FN:25,(anonymous_1)
FN:32,(anonymous_2)
FN:56,(anonymous_3)
FN:70,(anonymous_4)
FN:91,(anonymous_5)
FN:116,(anonymous_6)
FNF:7
FNH:7
FNDA:20,Login
FNDA:3,(anonymous_1)
FNDA:2,(anonymous_2)
FNDA:3,(anonymous_3)
FNDA:33,(anonymous_4)
FNDA:33,(anonymous_5)
FNDA:1,(anonymous_6)
DA:17,1
DA:25,20
DA:26,3
DA:27,3
DA:28,3
DA:29,2
DA:33,2
DA:37,1
DA:39,1
DA:42,1
DA:50,20
DA:56,20
DA:57,3
DA:59,20
DA:71,33
DA:92,33
DA:116,1
DA:124,1
LF:18
LH:18
BRDA:28,0,0,3
BRDA:28,0,1,3
BRDA:29,1,0,1
BRDA:29,1,1,1
BRDA:30,2,0,2
BRDA:30,2,1,2
BRDA:33,3,0,2
BRDA:33,3,1,1
BRDA:84,4,0,20
BRDA:84,4,1,2
BRDA:107,5,0,20
BRDA:107,5,1,2
BRF:12
BRH:12
end_of_record
TN:
SF:src/components/Register.tsx
FN:24,Register
FN:25,(anonymous_1)
FN:31,(anonymous_2)
FN:36,(anonymous_3)
FN:39,(anonymous_4)
FN:57,(anonymous_5)
FN:78,(anonymous_6)
FN:100,(anonymous_7)
FN:122,(anonymous_8)
FNF:9
FNH:3
FNDA:1,Register
FNDA:0,(anonymous_1)
FNDA:0,(anonymous_2)
FNDA:0,(anonymous_3)
FNDA:0,(anonymous_4)
FNDA:0,(anonymous_5)
FNDA:1,(anonymous_6)
FNDA:1,(anonymous_7)
FNDA:0,(anonymous_8)
DA:17,1
DA:25,1
DA:26,0
DA:27,0
DA:28,0
DA:29,0
DA:31,0
DA:34,0
DA:35,0
DA:36,0
DA:39,0
DA:40,0
DA:43,0
DA:51,1
DA:57,1
DA:58,0
DA:60,1
DA:79,1
DA:101,1
DA:122,0
DA:129,1
LF:21
LH:8
BRDA:28,0,0,0
BRDA:28,0,1,0
BRDA:29,1,0,0
BRDA:29,1,1,0
BRDA:30,2,0,0
BRDA:30,2,1,0
BRDA:91,3,0,1
BRDA:91,3,1,0
BRDA:115,4,0,1
BRDA:115,4,1,0
BRF:10
BRH:2
end_of_record
